<?xml version="1.0" encoding="utf-8"?>
<TestRun id="23682ca4-954f-45ac-9b9d-4e50229284eb" name="karls@OFFICE-PRO 2026-04-14 18:10:16" runUser="OFFICE-PRO\karls" xmlns="http://microsoft.com/schemas/VisualStudio/TeamTest/2010">
  <Times creation="2026-04-14T18:10:16.6559573+01:00" queuing="2026-04-14T18:10:16.6559575+01:00" start="2026-04-14T18:02:33.7231082+01:00" finish="2026-04-14T18:10:16.6564045+01:00" />
  <TestSettings name="default" id="d8326722-0eec-4cc2-bde4-567483580935">
    <Deployment runDeploymentRoot="karls_OFFICE-PRO_2026-04-14_18_10_16" />
  </TestSettings>
  <TestLists>
    <TestList name="Results Not in a List" id="8c84fa94-04c1-424b-9868-57a2d4851a1d" />
    <TestList name="All Loaded Results" id="19431567-8539-422a-85d7-44ee4e166bda" />
  </TestLists>
  <ResultSummary outcome="Failed">
    <Counters total="0" executed="0" passed="0" failed="0" error="0" timeout="0" aborted="0" inconclusive="0" passedButRunAborted="0" notRunnable="0" notExecuted="0" disconnected="0" warning="0" completed="0" inProgress="0" pending="0" />
    <Output>
      <StdOut>[xUnit.net 00:00:00.00] xUnit.net VSTest Adapter v3.1.4+50e68bbb8b (64-bit .NET 10.0.5)&#xD;
[xUnit.net 00:00:00.05]   Discovering: Converj.Generator.Tests&#xD;
[xUnit.net 00:00:00.10]   Discovered:  Converj.Generator.Tests&#xD;
[xUnit.net 00:00:00.11]   Starting:    Converj.Generator.Tests&#xD;
</StdOut>
    </Output>
    <RunInfos>
      <RunInfo computerName="OFFICE-PRO" outcome="Error" timestamp="2026-04-14T18:10:16.6353876+01:00">
        <Text>The active test run was aborted. Reason: Test host process crashed</Text>
      </RunInfo>
    </RunInfos>
  </ResultSummary>
</TestRun>